f:\kurs_visual\real_attempts\first\first\debug\first.pch
f:\kurs_visual\real_attempts\first\first\debug\vc142.pdb
f:\kurs_visual\real_attempts\first\first\debug\pch.obj
f:\kurs_visual\real_attempts\first\first\debug\form1.obj
f:\kurs_visual\real_attempts\first\first\debug\cppclr_winformsprojekt.obj
f:\kurs_visual\real_attempts\first\first\debug\assemblyinfo.obj
f:\kurs_visual\real_attempts\first\first\debug\.netframework,version=v4.7.2.assemblyattributes.obj
f:\kurs_visual\real_attempts\first\first\debug\.netframework,version=v4.7.2.assemblyattributes.asm
f:\kurs_visual\real_attempts\first\first\debug\first.form1.resources
f:\kurs_visual\real_attempts\first\debug\first.exe
f:\kurs_visual\real_attempts\first\debug\first.pdb
f:\kurs_visual\real_attempts\first\first\debug\app.res
f:\kurs_visual\real_attempts\first\first\debug\first.vcxproj.generateresource.cache
f:\kurs_visual\real_attempts\first\first\debug\first.vcxprojassemblyreference.cache
f:\kurs_visual\real_attempts\first\first\debug\first.tlog\cl.command.1.tlog
f:\kurs_visual\real_attempts\first\first\debug\first.tlog\cl.read.1.tlog
f:\kurs_visual\real_attempts\first\first\debug\first.tlog\cl.write.1.tlog
f:\kurs_visual\real_attempts\first\first\debug\first.tlog\first.write.1u.tlog
f:\kurs_visual\real_attempts\first\first\debug\first.tlog\link.command.1.tlog
f:\kurs_visual\real_attempts\first\first\debug\first.tlog\link.read.1.tlog
f:\kurs_visual\real_attempts\first\first\debug\first.tlog\link.write.1.tlog
f:\kurs_visual\real_attempts\first\first\debug\first.tlog\metagen.read.1.tlog
f:\kurs_visual\real_attempts\first\first\debug\first.tlog\metagen.write.1.tlog
f:\kurs_visual\real_attempts\first\first\debug\first.tlog\rc.command.1.tlog
f:\kurs_visual\real_attempts\first\first\debug\first.tlog\rc.read.1.tlog
f:\kurs_visual\real_attempts\first\first\debug\first.tlog\rc.write.1.tlog
